<?xml version="1.0" encoding="UTF-8"?>
<!-- Generated by org.testng.reporters.JUnitReportReporter -->
<testsuite hostname="user-PC" name="demo_package.Demo_Test2" tests="2" failures="0" timestamp="11 May 2017 09:58:42 GMT" time="98.683" errors="0">
  <testcase name="f" time="79.973" classname="demo_package.Demo_Test2"/>
  <testcase name="f" time="18.710" classname="demo_package.Demo_Test2"/>
</testsuite> <!-- demo_package.Demo_Test2 -->
